Command line invocation:
    /Applications/Xcode.app/Contents/Developer/usr/bin/xcodebuild -project FlightCompensation.xcodeproj -scheme FlightCompensation -destination "platform=iOS Simulator,name=iPhone 17 Pro" build

Resolve Package Graph


Resolved source packages:
  Promises: https://github.com/google/promises.git @ 2.4.0
  InteropForGoogle: https://github.com/google/interop-ios-for-google-sdks.git @ 101.0.0
  GTMAppAuth: https://github.com/google/GTMAppAuth.git @ 4.1.1
  GoogleUtilities: https://github.com/google/GoogleUtilities.git @ 8.1.0
  GoogleAppMeasurement: https://github.com/google/GoogleAppMeasurement.git @ 11.15.0
  SwiftProtobuf: https://github.com/apple/swift-protobuf.git @ 1.33.3
  AppAuth: https://github.com/openid/AppAuth-iOS.git @ 1.7.6
  GoogleSignIn: https://github.com/google/GoogleSignIn-iOS @ 7.1.0
  gRPC: https://github.com/google/grpc-binary.git @ 1.69.1
  GTMSessionFetcher: https://github.com/google/gtm-session-fetcher.git @ 3.5.0
  AppCheck: https://github.com/google/app-check.git @ 11.2.0
  leveldb: https://github.com/firebase/leveldb.git @ 1.22.5
  Firebase: https://github.com/firebase/firebase-ios-sdk @ 11.15.0
  GoogleAdsOnDeviceConversion: https://github.com/googleads/google-ads-on-device-conversion-ios-sdk @ 2.3.0
  abseil: https://github.com/google/abseil-cpp-binary.git @ 1.2024072200.0
  GoogleDataTransport: https://github.com/google/GoogleDataTransport.git @ 10.1.0
  nanopb: https://github.com/firebase/nanopb.git @ 2.30910.0

2026-01-22 13:56:54.981 xcodebuild[95155:1103218] [MT] IDERunDestination: Supported platforms for the buildables in the current scheme is empty.
ComputePackagePrebuildTargetDependencyGraph

Prepare packages

CreateBuildRequest

SendProjectDescription

CreateBuildOperation

ComputeTargetDependencyGraph
note: Building targets in dependency order
note: Target dependency graph (91 targets)
    Target 'FlightCompensation' in project 'FlightCompensation'
        ➜ Explicit dependency on target 'FirebaseAnalytics' in project 'Firebase'
        ➜ Explicit dependency on target 'FirebaseAuth' in project 'Firebase'
        ➜ Explicit dependency on target 'FirebaseFirestore' in project 'Firebase'
        ➜ Explicit dependency on target 'FirebaseStorage' in project 'Firebase'
        ➜ Explicit dependency on target 'GoogleSignIn' in project 'GoogleSignIn'
    Target 'GoogleSignIn' in project 'GoogleSignIn'
        ➜ Explicit dependency on target 'GoogleSignIn' in project 'GoogleSignIn'
        ➜ Explicit dependency on target 'GoogleSignIn_GoogleSignIn' in project 'GoogleSignIn'
        ➜ Explicit dependency on target 'AppAuth' in project 'AppAuth'
        ➜ Explicit dependency on target 'GTMAppAuth' in project 'GTMAppAuth'
        ➜ Explicit dependency on target 'GTMSessionFetcherCore' in project 'GTMSessionFetcher'
    Target 'GoogleSignIn' in project 'GoogleSignIn'
        ➜ Explicit dependency on target 'GoogleSignIn_GoogleSignIn' in project 'GoogleSignIn'
        ➜ Explicit dependency on target 'AppAuth' in project 'AppAuth'
        ➜ Explicit dependency on target 'GTMAppAuth' in project 'GTMAppAuth'
        ➜ Explicit dependency on target 'GTMSessionFetcherCore' in project 'GTMSessionFetcher'
    Target 'GTMAppAuth' in project 'GTMAppAuth'
        ➜ Explicit dependency on target 'GTMAppAuth' in project 'GTMAppAuth'
        ➜ Explicit dependency on target 'GTMAppAuth_GTMAppAuth' in project 'GTMAppAuth'
        ➜ Explicit dependency on target 'GTMSessionFetcherCore' in project 'GTMSessionFetcher'
        ➜ Explicit dependency on target 'AppAuthCore' in project 'AppAuth'
    Target 'GTMAppAuth' in project 'GTMAppAuth'
        ➜ Explicit dependency on target 'GTMAppAuth_GTMAppAuth' in project 'GTMAppAuth'
        ➜ Explicit dependency on target 'GTMSessionFetcherCore' in project 'GTMSessionFetcher'
        ➜ Explicit dependency on target 'AppAuthCore' in project 'AppAuth'
    Target 'AppAuthCore' in project 'AppAuth'
        ➜ Explicit dependency on target 'AppAuthCore' in project 'AppAuth'
        ➜ Explicit dependency on target 'AppAuth_AppAuthCore' in project 'AppAuth'
    Target 'GTMAppAuth_GTMAppAuth' in project 'GTMAppAuth' (no dependencies)
    Target 'AppAuth' in project 'AppAuth'
        ➜ Explicit dependency on target 'AppAuth' in project 'AppAuth'
        ➜ Explicit dependency on target 'AppAuth_AppAuth' in project 'AppAuth'
        ➜ Explicit dependency on target 'AppAuthCore' in project 'AppAuth'
    Target 'AppAuth' in project 'AppAuth'
        ➜ Explicit dependency on target 'AppAuth_AppAuth' in project 'AppAuth'
        ➜ Explicit dependency on target 'AppAuthCore' in project 'AppAuth'
    Target 'AppAuthCore' in project 'AppAuth'
        ➜ Explicit dependency on target 'AppAuth_AppAuthCore' in project 'AppAuth'
    Target 'AppAuth_AppAuthCore' in project 'AppAuth' (no dependencies)
    Target 'AppAuth_AppAuth' in project 'AppAuth' (no dependencies)
    Target 'GoogleSignIn_GoogleSignIn' in project 'GoogleSignIn' (no dependencies)
    Target 'FirebaseStorage' in project 'Firebase'
        ➜ Explicit dependency on target 'FirebaseStorage' in project 'Firebase'
        ➜ Explicit dependency on target 'FirebaseAppCheckInterop' in project 'Firebase'
        ➜ Explicit dependency on target 'FirebaseAuthInterop' in project 'Firebase'
        ➜ Explicit dependency on target 'Firebase' in project 'Firebase'
        ➜ Explicit dependency on target 'FirebaseCoreInternal' in project 'Firebase'
        ➜ Explicit dependency on target 'FirebaseCore' in project 'Firebase'
        ➜ Explicit dependency on target 'FirebaseCoreExtension' in project 'Firebase'
        ➜ Explicit dependency on target 'GULNSData' in project 'GoogleUtilities'
        ➜ Explicit dependency on target 'GULEnvironment' in project 'GoogleUtilities'
        ➜ Explicit dependency on target 'GULLogger' in project 'GoogleUtilities'
        ➜ Explicit dependency on target 'GTMSessionFetcherCore' in project 'GTMSessionFetcher'
    Target 'FirebaseStorage' in project 'Firebase'
        ➜ Explicit dependency on target 'FirebaseAppCheckInterop' in project 'Firebase'
        ➜ Explicit dependency on target 'FirebaseAuthInterop' in project 'Firebase'
        ➜ Explicit dependency on target 'Firebase' in project 'Firebase'
        ➜ Explicit dependency on target 'FirebaseCoreInternal' in project 'Firebase'
        ➜ Explicit dependency on target 'FirebaseCore' in project 'Firebase'
        ➜ Explicit dependency on target 'FirebaseCoreExtension' in project 'Firebase'
        ➜ Explicit dependency on target 'GULNSData' in project 'GoogleUtilities'
        ➜ Explicit dependency on target 'GULEnvironment' in project 'GoogleUtilities'
        ➜ Explicit dependency on target 'GULLogger' in project 'GoogleUtilities'
        ➜ Explicit dependency on target 'GTMSessionFetcherCore' in project 'GTMSessionFetcher'
    Target 'FirebaseFirestore' in project 'Firebase'
        ➜ Explicit dependency on target 'FirebaseFirestoreTarget' in project 'Firebase'
        ➜ Explicit dependency on target 'FirebaseFirestoreInternalWrapper' in project 'Firebase'
        ➜ Explicit dependency on target 'FirebaseAppCheckInterop' in project 'Firebase'
        ➜ Explicit dependency on target 'Firebase' in project 'Firebase'
        ➜ Explicit dependency on target 'FirebaseCoreInternal' in project 'Firebase'
        ➜ Explicit dependency on target 'FirebaseCore' in project 'Firebase'
        ➜ Explicit dependency on target 'FirebaseCoreExtension' in project 'Firebase'
        ➜ Explicit dependency on target 'FirebaseSharedSwift' in project 'Firebase'
        ➜ Explicit dependency on target 'FirebaseFirestore' in project 'Firebase'
        ➜ Explicit dependency on target 'GULNSData' in project 'GoogleUtilities'
        ➜ Explicit dependency on target 'GULEnvironment' in project 'GoogleUtilities'
        ➜ Explicit dependency on target 'GULLogger' in project 'GoogleUtilities'
        ➜ Explicit dependency on target 'abseil' in project 'abseil'
        ➜ Explicit dependency on target 'gRPC-C++' in project 'gRPC'
        ➜ Explicit dependency on target 'nanopb' in project 'nanopb'
        ➜ Explicit dependency on target 'leveldb' in project 'leveldb'
    Target 'FirebaseFirestoreTarget' in project 'Firebase'
        ➜ Explicit dependency on target 'FirebaseFirestoreInternalWrapper' in project 'Firebase'
        ➜ Explicit dependency on target 'FirebaseAppCheckInterop' in project 'Firebase'
        ➜ Explicit dependency on target 'Firebase' in project 'Firebase'
        ➜ Explicit dependency on target 'FirebaseCoreInternal' in project 'Firebase'
        ➜ Explicit dependency on target 'FirebaseCore' in project 'Firebase'
        ➜ Explicit dependency on target 'FirebaseCoreExtension' in project 'Firebase'
        ➜ Explicit dependency on target 'FirebaseSharedSwift' in project 'Firebase'
        ➜ Explicit dependency on target 'FirebaseFirestore' in project 'Firebase'
        ➜ Explicit dependency on target 'GULNSData' in project 'GoogleUtilities'
        ➜ Explicit dependency on target 'GULEnvironment' in project 'GoogleUtilities'
        ➜ Explicit dependency on target 'GULLogger' in project 'GoogleUtilities'
        ➜ Explicit dependency on target 'abseil' in project 'abseil'
        ➜ Explicit dependency on target 'gRPC-C++' in project 'gRPC'
        ➜ Explicit dependency on target 'nanopb' in project 'nanopb'
        ➜ Explicit dependency on target 'leveldb' in project 'leveldb'
    Target 'FirebaseFirestore' in project 'Firebase'
        ➜ Explicit dependency on target 'Firebase_FirebaseFirestore' in project 'Firebase'
        ➜ Explicit dependency on target 'FirebaseFirestoreInternalWrapper' in project 'Firebase'
        ➜ Explicit dependency on target 'FirebaseAppCheckInterop' in project 'Firebase'
        ➜ Explicit dependency on target 'Firebase' in project 'Firebase'
        ➜ Explicit dependency on target 'FirebaseCoreInternal' in project 'Firebase'
        ➜ Explicit dependency on target 'FirebaseCore' in project 'Firebase'
        ➜ Explicit dependency on target 'FirebaseCoreExtension' in project 'Firebase'
        ➜ Explicit dependency on target 'FirebaseSharedSwift' in project 'Firebase'
        ➜ Explicit dependency on target 'GULNSData' in project 'GoogleUtilities'
        ➜ Explicit dependency on target 'GULEnvironment' in project 'GoogleUtilities'
        ➜ Explicit dependency on target 'GULLogger' in project 'GoogleUtilities'
        ➜ Explicit dependency on target 'abseil' in project 'abseil'
        ➜ Explicit dependency on target 'gRPC-C++' in project 'gRPC'
        ➜ Explicit dependency on target 'nanopb' in project 'nanopb'
        ➜ Explicit dependency on target 'leveldb' in project 'leveldb'
    Target 'leveldb' in project 'leveldb'
        ➜ Explicit dependency on target 'leveldb' in project 'leveldb'
        ➜ Explicit dependency on target 'leveldb_leveldb' in project 'leveldb'
    Target 'leveldb' in project 'leveldb'
        ➜ Explicit dependency on target 'leveldb_leveldb' in project 'leveldb'
    Target 'leveldb_leveldb' in project 'leveldb' (no dependencies)
    Target 'gRPC-C++' in project 'gRPC'
        ➜ Explicit dependency on target 'grpcppWrapper' in project 'gRPC'
        ➜ Explicit dependency on target 'gRPC_grpcppWrapper' in project 'gRPC'
        ➜ Explicit dependency on target 'grpcWrapper' in project 'gRPC'
        ➜ Explicit dependency on target 'opensslWrapper' in project 'gRPC'
        ➜ Explicit dependency on target 'abseil' in project 'abseil'
    Target 'grpcppWrapper' in project 'gRPC'
        ➜ Explicit dependency on target 'gRPC_grpcppWrapper' in project 'gRPC'
        ➜ Explicit dependency on target 'grpcWrapper' in project 'gRPC'
        ➜ Explicit dependency on target 'opensslWrapper' in project 'gRPC'
        ➜ Explicit dependency on target 'abseil' in project 'abseil'
    Target 'opensslWrapper' in project 'gRPC'
        ➜ Explicit dependency on target 'gRPC_opensslWrapper' in project 'gRPC'
    Target 'gRPC_opensslWrapper' in project 'gRPC' (no dependencies)
    Target 'grpcWrapper' in project 'gRPC'
        ➜ Explicit dependency on target 'gRPC_grpcWrapper' in project 'gRPC'
    Target 'gRPC_grpcWrapper' in project 'gRPC' (no dependencies)
    Target 'gRPC_grpcppWrapper' in project 'gRPC' (no dependencies)
    Target 'abseil' in project 'abseil'
        ➜ Explicit dependency on target 'abslWrapper' in project 'abseil'
        ➜ Explicit dependency on target 'abseil_abslWrapper' in project 'abseil'
    Target 'abslWrapper' in project 'abseil'
        ➜ Explicit dependency on target 'abseil_abslWrapper' in project 'abseil'
    Target 'abseil_abslWrapper' in project 'abseil' (no dependencies)
    Target 'Firebase_FirebaseFirestore' in project 'Firebase' (no dependencies)
    Target 'FirebaseSharedSwift' in project 'Firebase' (no dependencies)
    Target 'FirebaseFirestoreInternalWrapper' in project 'Firebase' (no dependencies)
    Target 'FirebaseAuth' in project 'Firebase'
        ➜ Explicit dependency on target 'FirebaseAuth' in project 'Firebase'
        ➜ Explicit dependency on target 'Firebase_FirebaseAuth' in project 'Firebase'
        ➜ Explicit dependency on target 'FirebaseAppCheckInterop' in project 'Firebase'
        ➜ Explicit dependency on target 'FirebaseAuthInterop' in project 'Firebase'
        ➜ Explicit dependency on target 'FirebaseAuthInternal' in project 'Firebase'
        ➜ Explicit dependency on target 'Firebase' in project 'Firebase'
        ➜ Explicit dependency on target 'FirebaseCoreInternal' in project 'Firebase'
        ➜ Explicit dependency on target 'FirebaseCore' in project 'Firebase'
        ➜ Explicit dependency on target 'FirebaseCoreExtension' in project 'Firebase'
        ➜ Explicit dependency on target 'RecaptchaInterop' in project 'InteropForGoogle'
        ➜ Explicit dependency on target 'GULNSData' in project 'GoogleUtilities'
        ➜ Explicit dependency on target 'GULEnvironment' in project 'GoogleUtilities'
        ➜ Explicit dependency on target 'GULLogger' in project 'GoogleUtilities'
        ➜ Explicit dependency on target 'GULAppDelegateSwizzler' in project 'GoogleUtilities'
        ➜ Explicit dependency on target 'GTMSessionFetcherCore' in project 'GTMSessionFetcher'
    Target 'FirebaseAuth' in project 'Firebase'
        ➜ Explicit dependency on target 'Firebase_FirebaseAuth' in project 'Firebase'
        ➜ Explicit dependency on target 'FirebaseAppCheckInterop' in project 'Firebase'
        ➜ Explicit dependency on target 'FirebaseAuthInterop' in project 'Firebase'
        ➜ Explicit dependency on target 'FirebaseAuthInternal' in project 'Firebase'
        ➜ Explicit dependency on target 'Firebase' in project 'Firebase'
        ➜ Explicit dependency on target 'FirebaseCoreInternal' in project 'Firebase'
        ➜ Explicit dependency on target 'FirebaseCore' in project 'Firebase'
        ➜ Explicit dependency on target 'FirebaseCoreExtension' in project 'Firebase'
        ➜ Explicit dependency on target 'RecaptchaInterop' in project 'InteropForGoogle'
        ➜ Explicit dependency on target 'GULNSData' in project 'GoogleUtilities'
        ➜ Explicit dependency on target 'GULEnvironment' in project 'GoogleUtilities'
        ➜ Explicit dependency on target 'GULLogger' in project 'GoogleUtilities'
        ➜ Explicit dependency on target 'GULAppDelegateSwizzler' in project 'GoogleUtilities'
        ➜ Explicit dependency on target 'GTMSessionFetcherCore' in project 'GTMSessionFetcher'
    Target 'GTMSessionFetcherCore' in project 'GTMSessionFetcher'
        ➜ Explicit dependency on target 'GTMSessionFetcherCore' in project 'GTMSessionFetcher'
        ➜ Explicit dependency on target 'GTMSessionFetcher_GTMSessionFetcherCore' in project 'GTMSessionFetcher'
    Target 'GTMSessionFetcherCore' in project 'GTMSessionFetcher'
        ➜ Explicit dependency on target 'GTMSessionFetcher_GTMSessionFetcherCore' in project 'GTMSessionFetcher'
    Target 'GTMSessionFetcher_GTMSessionFetcherCore' in project 'GTMSessionFetcher' (no dependencies)
    Target 'FirebaseCoreExtension' in project 'Firebase'
        ➜ Explicit dependency on target 'Firebase_FirebaseCoreExtension' in project 'Firebase'
    Target 'Firebase_FirebaseCoreExtension' in project 'Firebase' (no dependencies)
    Target 'FirebaseAuthInternal' in project 'Firebase'
        ➜ Explicit dependency on target 'RecaptchaInterop' in project 'InteropForGoogle'
    Target 'RecaptchaInterop' in project 'InteropForGoogle'
        ➜ Explicit dependency on target 'RecaptchaInterop' in project 'InteropForGoogle'
    Target 'RecaptchaInterop' in project 'InteropForGoogle' (no dependencies)
    Target 'FirebaseAuthInterop' in project 'Firebase' (no dependencies)
    Target 'FirebaseAppCheckInterop' in project 'Firebase' (no dependencies)
    Target 'Firebase_FirebaseAuth' in project 'Firebase' (no dependencies)
    Target 'FirebaseAnalytics' in project 'Firebase'
        ➜ Explicit dependency on target 'FirebaseAnalyticsTarget' in project 'Firebase'
        ➜ Explicit dependency on target 'Firebase' in project 'Firebase'
        ➜ Explicit dependency on target 'FirebaseCoreInternal' in project 'Firebase'
        ➜ Explicit dependency on target 'FirebaseCore' in project 'Firebase'
        ➜ Explicit dependency on target 'FirebaseInstallations' in project 'Firebase'
        ➜ Explicit dependency on target 'FirebaseAnalyticsWrapper' in project 'Firebase'
        ➜ Explicit dependency on target 'GULNSData' in project 'GoogleUtilities'
        ➜ Explicit dependency on target 'GULEnvironment' in project 'GoogleUtilities'
        ➜ Explicit dependency on target 'GULLogger' in project 'GoogleUtilities'
        ➜ Explicit dependency on target 'FBLPromises' in project 'Promises'
        ➜ Explicit dependency on target 'GULUserDefaults' in project 'GoogleUtilities'
        ➜ Explicit dependency on target 'GoogleAppMeasurement' in project 'GoogleAppMeasurement'
        ➜ Explicit dependency on target 'GULAppDelegateSwizzler' in project 'GoogleUtilities'
        ➜ Explicit dependency on target 'GULMethodSwizzler' in project 'GoogleUtilities'
        ➜ Explicit dependency on target 'GULNetwork' in project 'GoogleUtilities'
        ➜ Explicit dependency on target 'nanopb' in project 'nanopb'
    Target 'FirebaseAnalyticsTarget' in project 'Firebase'
        ➜ Explicit dependency on target 'Firebase' in project 'Firebase'
        ➜ Explicit dependency on target 'FirebaseCoreInternal' in project 'Firebase'
        ➜ Explicit dependency on target 'FirebaseCore' in project 'Firebase'
        ➜ Explicit dependency on target 'FirebaseInstallations' in project 'Firebase'
        ➜ Explicit dependency on target 'FirebaseAnalyticsWrapper' in project 'Firebase'
        ➜ Explicit dependency on target 'GULNSData' in project 'GoogleUtilities'
        ➜ Explicit dependency on target 'GULEnvironment' in project 'GoogleUtilities'
        ➜ Explicit dependency on target 'GULLogger' in project 'GoogleUtilities'
        ➜ Explicit dependency on target 'FBLPromises' in project 'Promises'
        ➜ Explicit dependency on target 'GULUserDefaults' in project 'GoogleUtilities'
        ➜ Explicit dependency on target 'GoogleAppMeasurement' in project 'GoogleAppMeasurement'
        ➜ Explicit dependency on target 'GULAppDelegateSwizzler' in project 'GoogleUtilities'
        ➜ Explicit dependency on target 'GULMethodSwizzler' in project 'GoogleUtilities'
        ➜ Explicit dependency on target 'GULNetwork' in project 'GoogleUtilities'
        ➜ Explicit dependency on target 'nanopb' in project 'nanopb'
    Target 'FirebaseAnalyticsWrapper' in project 'Firebase'
        ➜ Explicit dependency on target 'Firebase' in project 'Firebase'
        ➜ Explicit dependency on target 'FirebaseCoreInternal' in project 'Firebase'
        ➜ Explicit dependency on target 'FirebaseCore' in project 'Firebase'
        ➜ Explicit dependency on target 'FirebaseInstallations' in project 'Firebase'
        ➜ Explicit dependency on target 'GULNSData' in project 'GoogleUtilities'
        ➜ Explicit dependency on target 'GULEnvironment' in project 'GoogleUtilities'
        ➜ Explicit dependency on target 'GULLogger' in project 'GoogleUtilities'
        ➜ Explicit dependency on target 'FBLPromises' in project 'Promises'
        ➜ Explicit dependency on target 'GULUserDefaults' in project 'GoogleUtilities'
        ➜ Explicit dependency on target 'GoogleAppMeasurement' in project 'GoogleAppMeasurement'
        ➜ Explicit dependency on target 'GULAppDelegateSwizzler' in project 'GoogleUtilities'
        ➜ Explicit dependency on target 'GULMethodSwizzler' in project 'GoogleUtilities'
        ➜ Explicit dependency on target 'GULNetwork' in project 'GoogleUtilities'
        ➜ Explicit dependency on target 'nanopb' in project 'nanopb'
    Target 'GoogleAppMeasurement' in project 'GoogleAppMeasurement'
        ➜ Explicit dependency on target 'GoogleAppMeasurementTarget' in project 'GoogleAppMeasurement'
        ➜ Explicit dependency on target 'GULAppDelegateSwizzler' in project 'GoogleUtilities'
        ➜ Explicit dependency on target 'GULMethodSwizzler' in project 'GoogleUtilities'
        ➜ Explicit dependency on target 'GULNSData' in project 'GoogleUtilities'
        ➜ Explicit dependency on target 'GULNetwork' in project 'GoogleUtilities'
        ➜ Explicit dependency on target 'nanopb' in project 'nanopb'
        ➜ Explicit dependency on target 'GoogleAdsOnDeviceConversion' in project 'GoogleAdsOnDeviceConversion'
    Target 'GoogleAppMeasurementTarget' in project 'GoogleAppMeasurement'
        ➜ Explicit dependency on target 'GULAppDelegateSwizzler' in project 'GoogleUtilities'
        ➜ Explicit dependency on target 'GULMethodSwizzler' in project 'GoogleUtilities'
        ➜ Explicit dependency on target 'GULNSData' in project 'GoogleUtilities'
        ➜ Explicit dependency on target 'GULNetwork' in project 'GoogleUtilities'
        ➜ Explicit dependency on target 'nanopb' in project 'nanopb'
        ➜ Explicit dependency on target 'GoogleAdsOnDeviceConversion' in project 'GoogleAdsOnDeviceConversion'
    Target 'GoogleAdsOnDeviceConversion' in project 'GoogleAdsOnDeviceConversion'
        ➜ Explicit dependency on target 'GoogleAdsOnDeviceConversionTarget' in project 'GoogleAdsOnDeviceConversion'
        ➜ Explicit dependency on target 'GULLogger' in project 'GoogleUtilities'
        ➜ Explicit dependency on target 'GULNetwork' in project 'GoogleUtilities'
        ➜ Explicit dependency on target 'nanopb' in project 'nanopb'
    Target 'GoogleAdsOnDeviceConversionTarget' in project 'GoogleAdsOnDeviceConversion'
        ➜ Explicit dependency on target 'GULLogger' in project 'GoogleUtilities'
        ➜ Explicit dependency on target 'GULNetwork' in project 'GoogleUtilities'
        ➜ Explicit dependency on target 'nanopb' in project 'nanopb'
    Target 'nanopb' in project 'nanopb'
        ➜ Explicit dependency on target 'nanopb' in project 'nanopb'
        ➜ Explicit dependency on target 'nanopb_nanopb' in project 'nanopb'
    Target 'nanopb' in project 'nanopb'
        ➜ Explicit dependency on target 'nanopb_nanopb' in project 'nanopb'
    Target 'nanopb_nanopb' in project 'nanopb' (no dependencies)
    Target 'GULNetwork' in project 'GoogleUtilities'
        ➜ Explicit dependency on target 'GoogleUtilities-Network' in project 'GoogleUtilities'
        ➜ Explicit dependency on target 'GoogleUtilities_GoogleUtilities-Network' in project 'GoogleUtilities'
        ➜ Explicit dependency on target 'third-party-IsAppEncrypted' in project 'GoogleUtilities'
        ➜ Explicit dependency on target 'GoogleUtilities-Environment' in project 'GoogleUtilities'
        ➜ Explicit dependency on target 'GoogleUtilities-Logger' in project 'GoogleUtilities'
        ➜ Explicit dependency on target 'GoogleUtilities-NSData' in project 'GoogleUtilities'
        ➜ Explicit dependency on target 'GoogleUtilities-Reachability' in project 'GoogleUtilities'
    Target 'GULMethodSwizzler' in project 'GoogleUtilities'
        ➜ Explicit dependency on target 'GoogleUtilities-MethodSwizzler' in project 'GoogleUtilities'
        ➜ Explicit dependency on target 'GoogleUtilities_GoogleUtilities-MethodSwizzler' in project 'GoogleUtilities'
        ➜ Explicit dependency on target 'third-party-IsAppEncrypted' in project 'GoogleUtilities'
        ➜ Explicit dependency on target 'GoogleUtilities-Environment' in project 'GoogleUtilities'
        ➜ Explicit dependency on target 'GoogleUtilities-Logger' in project 'GoogleUtilities'
    Target 'GoogleUtilities-MethodSwizzler' in project 'GoogleUtilities'
        ➜ Explicit dependency on target 'GoogleUtilities_GoogleUtilities-MethodSwizzler' in project 'GoogleUtilities'
        ➜ Explicit dependency on target 'third-party-IsAppEncrypted' in project 'GoogleUtilities'
        ➜ Explicit dependency on target 'GoogleUtilities-Environment' in project 'GoogleUtilities'
        ➜ Explicit dependency on target 'GoogleUtilities-Logger' in project 'GoogleUtilities'
    Target 'GoogleUtilities_GoogleUtilities-MethodSwizzler' in project 'GoogleUtilities' (no dependencies)
    Target 'GULAppDelegateSwizzler' in project 'GoogleUtilities'
        ➜ Explicit dependency on target 'GoogleUtilities-AppDelegateSwizzler' in project 'GoogleUtilities'
        ➜ Explicit dependency on target 'GoogleUtilities_GoogleUtilities-AppDelegateSwizzler' in project 'GoogleUtilities'
        ➜ Explicit dependency on target 'third-party-IsAppEncrypted' in project 'GoogleUtilities'
        ➜ Explicit dependency on target 'GoogleUtilities-Environment' in project 'GoogleUtilities'
        ➜ Explicit dependency on target 'GoogleUtilities-Logger' in project 'GoogleUtilities'
        ➜ Explicit dependency on target 'GoogleUtilities-NSData' in project 'GoogleUtilities'
        ➜ Explicit dependency on target 'GoogleUtilities-Reachability' in project 'GoogleUtilities'
        ➜ Explicit dependency on target 'GoogleUtilities-Network' in project 'GoogleUtilities'
    Target 'GoogleUtilities-AppDelegateSwizzler' in project 'GoogleUtilities'
        ➜ Explicit dependency on target 'GoogleUtilities_GoogleUtilities-AppDelegateSwizzler' in project 'GoogleUtilities'
        ➜ Explicit dependency on target 'third-party-IsAppEncrypted' in project 'GoogleUtilities'
        ➜ Explicit dependency on target 'GoogleUtilities-Environment' in project 'GoogleUtilities'
        ➜ Explicit dependency on target 'GoogleUtilities-Logger' in project 'GoogleUtilities'
        ➜ Explicit dependency on target 'GoogleUtilities-NSData' in project 'GoogleUtilities'
        ➜ Explicit dependency on target 'GoogleUtilities-Reachability' in project 'GoogleUtilities'
        ➜ Explicit dependency on target 'GoogleUtilities-Network' in project 'GoogleUtilities'
    Target 'GoogleUtilities-Network' in project 'GoogleUtilities'
        ➜ Explicit dependency on target 'GoogleUtilities_GoogleUtilities-Network' in project 'GoogleUtilities'
        ➜ Explicit dependency on target 'third-party-IsAppEncrypted' in project 'GoogleUtilities'
        ➜ Explicit dependency on target 'GoogleUtilities-Environment' in project 'GoogleUtilities'
        ➜ Explicit dependency on target 'GoogleUtilities-Logger' in project 'GoogleUtilities'
        ➜ Explicit dependency on target 'GoogleUtilities-NSData' in project 'GoogleUtilities'
        ➜ Explicit dependency on target 'GoogleUtilities-Reachability' in project 'GoogleUtilities'
    Target 'GoogleUtilities_GoogleUtilities-Network' in project 'GoogleUtilities' (no dependencies)
    Target 'GoogleUtilities-Reachability' in project 'GoogleUtilities'
        ➜ Explicit dependency on target 'GoogleUtilities_GoogleUtilities-Reachability' in project 'GoogleUtilities'
        ➜ Explicit dependency on target 'third-party-IsAppEncrypted' in project 'GoogleUtilities'
        ➜ Explicit dependency on target 'GoogleUtilities-Environment' in project 'GoogleUtilities'
        ➜ Explicit dependency on target 'GoogleUtilities-Logger' in project 'GoogleUtilities'
    Target 'GoogleUtilities_GoogleUtilities-Reachability' in project 'GoogleUtilities' (no dependencies)
    Target 'GoogleUtilities_GoogleUtilities-AppDelegateSwizzler' in project 'GoogleUtilities' (no dependencies)
    Target 'FirebaseInstallations' in project 'Firebase'
        ➜ Explicit dependency on target 'Firebase_FirebaseInstallations' in project 'Firebase'
        ➜ Explicit dependency on target 'Firebase' in project 'Firebase'
        ➜ Explicit dependency on target 'FirebaseCoreInternal' in project 'Firebase'
        ➜ Explicit dependency on target 'FirebaseCore' in project 'Firebase'
        ➜ Explicit dependency on target 'GULNSData' in project 'GoogleUtilities'
        ➜ Explicit dependency on target 'GULEnvironment' in project 'GoogleUtilities'
        ➜ Explicit dependency on target 'GULLogger' in project 'GoogleUtilities'
        ➜ Explicit dependency on target 'FBLPromises' in project 'Promises'
        ➜ Explicit dependency on target 'GULUserDefaults' in project 'GoogleUtilities'
    Target 'GULUserDefaults' in project 'GoogleUtilities'
        ➜ Explicit dependency on target 'GoogleUtilities-UserDefaults' in project 'GoogleUtilities'
        ➜ Explicit dependency on target 'GoogleUtilities_GoogleUtilities-UserDefaults' in project 'GoogleUtilities'
        ➜ Explicit dependency on target 'third-party-IsAppEncrypted' in project 'GoogleUtilities'
        ➜ Explicit dependency on target 'GoogleUtilities-Environment' in project 'GoogleUtilities'
        ➜ Explicit dependency on target 'GoogleUtilities-Logger' in project 'GoogleUtilities'
    Target 'GoogleUtilities-UserDefaults' in project 'GoogleUtilities'
        ➜ Explicit dependency on target 'GoogleUtilities_GoogleUtilities-UserDefaults' in project 'GoogleUtilities'
        ➜ Explicit dependency on target 'third-party-IsAppEncrypted' in project 'GoogleUtilities'
        ➜ Explicit dependency on target 'GoogleUtilities-Environment' in project 'GoogleUtilities'
        ➜ Explicit dependency on target 'GoogleUtilities-Logger' in project 'GoogleUtilities'
    Target 'GoogleUtilities_GoogleUtilities-UserDefaults' in project 'GoogleUtilities' (no dependencies)
    Target 'FBLPromises' in project 'Promises'
        ➜ Explicit dependency on target 'FBLPromises' in project 'Promises'
        ➜ Explicit dependency on target 'Promises_FBLPromises' in project 'Promises'
    Target 'FBLPromises' in project 'Promises'
        ➜ Explicit dependency on target 'Promises_FBLPromises' in project 'Promises'
    Target 'Promises_FBLPromises' in project 'Promises' (no dependencies)
    Target 'Firebase_FirebaseInstallations' in project 'Firebase' (no dependencies)
    Target 'FirebaseCore' in project 'Firebase'
        ➜ Explicit dependency on target 'Firebase_FirebaseCore' in project 'Firebase'
        ➜ Explicit dependency on target 'Firebase' in project 'Firebase'
        ➜ Explicit dependency on target 'FirebaseCoreInternal' in project 'Firebase'
        ➜ Explicit dependency on target 'GULNSData' in project 'GoogleUtilities'
        ➜ Explicit dependency on target 'GULEnvironment' in project 'GoogleUtilities'
        ➜ Explicit dependency on target 'GULLogger' in project 'GoogleUtilities'
    Target 'GULLogger' in project 'GoogleUtilities'
        ➜ Explicit dependency on target 'GoogleUtilities-Logger' in project 'GoogleUtilities'
        ➜ Explicit dependency on target 'GoogleUtilities_GoogleUtilities-Logger' in project 'GoogleUtilities'
        ➜ Explicit dependency on target 'third-party-IsAppEncrypted' in project 'GoogleUtilities'
        ➜ Explicit dependency on target 'GoogleUtilities-Environment' in project 'GoogleUtilities'
    Target 'GoogleUtilities-Logger' in project 'GoogleUtilities'
        ➜ Explicit dependency on target 'GoogleUtilities_GoogleUtilities-Logger' in project 'GoogleUtilities'
        ➜ Explicit dependency on target 'third-party-IsAppEncrypted' in project 'GoogleUtilities'
        ➜ Explicit dependency on target 'GoogleUtilities-Environment' in project 'GoogleUtilities'
    Target 'GoogleUtilities_GoogleUtilities-Logger' in project 'GoogleUtilities' (no dependencies)
    Target 'GULEnvironment' in project 'GoogleUtilities'
        ➜ Explicit dependency on target 'GoogleUtilities-Environment' in project 'GoogleUtilities'
        ➜ Explicit dependency on target 'GoogleUtilities_GoogleUtilities-Environment' in project 'GoogleUtilities'
        ➜ Explicit dependency on target 'third-party-IsAppEncrypted' in project 'GoogleUtilities'
    Target 'GoogleUtilities-Environment' in project 'GoogleUtilities'
        ➜ Explicit dependency on target 'GoogleUtilities_GoogleUtilities-Environment' in project 'GoogleUtilities'
        ➜ Explicit dependency on target 'third-party-IsAppEncrypted' in project 'GoogleUtilities'
    Target 'third-party-IsAppEncrypted' in project 'GoogleUtilities' (no dependencies)
    Target 'GoogleUtilities_GoogleUtilities-Environment' in project 'GoogleUtilities' (no dependencies)
    Target 'Firebase_FirebaseCore' in project 'Firebase' (no dependencies)
    Target 'FirebaseCoreInternal' in project 'Firebase'
        ➜ Explicit dependency on target 'Firebase_FirebaseCoreInternal' in project 'Firebase'
        ➜ Explicit dependency on target 'GULNSData' in project 'GoogleUtilities'
    Target 'GULNSData' in project 'GoogleUtilities'
        ➜ Explicit dependency on target 'GoogleUtilities-NSData' in project 'GoogleUtilities'
        ➜ Explicit dependency on target 'GoogleUtilities_GoogleUtilities-NSData' in project 'GoogleUtilities'
    Target 'GoogleUtilities-NSData' in project 'GoogleUtilities'
        ➜ Explicit dependency on target 'GoogleUtilities_GoogleUtilities-NSData' in project 'GoogleUtilities'
    Target 'GoogleUtilities_GoogleUtilities-NSData' in project 'GoogleUtilities' (no dependencies)
    Target 'Firebase_FirebaseCoreInternal' in project 'Firebase' (no dependencies)
    Target 'Firebase' in project 'Firebase' (no dependencies)

GatherProvisioningInputs

CreateBuildDescription

ClangStatCache /Applications/Xcode.app/Contents/Developer/Toolchains/XcodeDefault.xctoolchain/usr/bin/clang-stat-cache /Applications/Xcode.app/Contents/Developer/Platforms/iPhoneSimulator.platform/Developer/SDKs/iPhoneSimulator26.0.sdk /Users/fabiano/Library/Developer/Xcode/DerivedData/SDKStatCaches.noindex/iphonesimulator26.0-23A339-26257891a6c027eb51374368541b8346.sdkstatcache
    cd /Users/fabiano/Documents/FLIGHTY\ COMPENSATION/FlightCompensation.xcodeproj
    /Applications/Xcode.app/Contents/Developer/Toolchains/XcodeDefault.xctoolchain/usr/bin/clang-stat-cache /Applications/Xcode.app/Contents/Developer/Platforms/iPhoneSimulator.platform/Developer/SDKs/iPhoneSimulator26.0.sdk -o /Users/fabiano/Library/Developer/Xcode/DerivedData/SDKStatCaches.noindex/iphonesimulator26.0-23A339-26257891a6c027eb51374368541b8346.sdkstatcache

ProcessInfoPlistFile /Users/fabiano/Library/Developer/Xcode/DerivedData/FlightCompensation-gbpozbdluwmykodzccrbccezvtyo/Build/Products/Debug-iphonesimulator/FlightCompensation.app/Info.plist /Users/fabiano/Documents/FLIGHTY\ COMPENSATION/Info.plist (in target 'FlightCompensation' from project 'FlightCompensation')
    cd /Users/fabiano/Documents/FLIGHTY\ COMPENSATION
    builtin-infoPlistUtility /Users/fabiano/Documents/FLIGHTY\ COMPENSATION/Info.plist -producttype com.apple.product-type.application -genpkginfo /Users/fabiano/Library/Developer/Xcode/DerivedData/FlightCompensation-gbpozbdluwmykodzccrbccezvtyo/Build/Products/Debug-iphonesimulator/FlightCompensation.app/PkgInfo -expandbuildsettings -format binary -platform iphonesimulator -additionalcontentfile /Users/fabiano/Library/Developer/Xcode/DerivedData/FlightCompensation-gbpozbdluwmykodzccrbccezvtyo/Build/Intermediates.noindex/FlightCompensation.build/Debug-iphonesimulator/FlightCompensation.build/assetcatalog_generated_info.plist -scanforprivacyfile /Users/fabiano/Library/Developer/Xcode/DerivedData/FlightCompensation-gbpozbdluwmykodzccrbccezvtyo/Build/Products/Debug-iphonesimulator/FlightCompensation.app/AppAuth_AppAuth.bundle -scanforprivacyfile /Users/fabiano/Library/Developer/Xcode/DerivedData/FlightCompensation-gbpozbdluwmykodzccrbccezvtyo/Build/Products/Debug-iphonesimulator/FlightCompensation.app/AppAuth_AppAuthCore.bundle -scanforprivacyfile /Users/fabiano/Library/Developer/Xcode/DerivedData/FlightCompensation-gbpozbdluwmykodzccrbccezvtyo/Build/Products/Debug-iphonesimulator/FlightCompensation.app/Firebase_FirebaseAuth.bundle -scanforprivacyfile /Users/fabiano/Library/Developer/Xcode/DerivedData/FlightCompensation-gbpozbdluwmykodzccrbccezvtyo/Build/Products/Debug-iphonesimulator/FlightCompensation.app/Firebase_FirebaseCore.bundle -scanforprivacyfile /Users/fabiano/Library/Developer/Xcode/DerivedData/FlightCompensation-gbpozbdluwmykodzccrbccezvtyo/Build/Products/Debug-iphonesimulator/FlightCompensation.app/Firebase_FirebaseCoreExtension.bundle -scanforprivacyfile /Users/fabiano/Library/Developer/Xcode/DerivedData/FlightCompensation-gbpozbdluwmykodzccrbccezvtyo/Build/Products/Debug-iphonesimulator/FlightCompensation.app/Firebase_FirebaseCoreInternal.bundle -scanforprivacyfile /Users/fabiano/Library/Developer/Xcode/DerivedData/FlightCompensation-gbpozbdluwmykodzccrbccezvtyo/Build/Products/Debug-iphonesimulator/FlightCompensation.app/Firebase_FirebaseFirestore.bundle -scanforprivacyfile /Users/fabiano/Library/Developer/Xcode/DerivedData/FlightCompensation-gbpozbdluwmykodzccrbccezvtyo/Build/Products/Debug-iphonesimulator/FlightCompensation.app/Firebase_FirebaseInstallations.bundle -scanforprivacyfile /Users/fabiano/Library/Developer/Xcode/DerivedData/FlightCompensation-gbpozbdluwmykodzccrbccezvtyo/Build/Products/Debug-iphonesimulator/FlightCompensation.app/Frameworks/FirebaseAnalytics.framework -scanforprivacyfile /Users/fabiano/Library/Developer/Xcode/DerivedData/FlightCompensation-gbpozbdluwmykodzccrbccezvtyo/Build/Products/Debug-iphonesimulator/FlightCompensation.app/Frameworks/FirebaseFirestoreInternal.framework -scanforprivacyfile /Users/fabiano/Library/Developer/Xcode/DerivedData/FlightCompensation-gbpozbdluwmykodzccrbccezvtyo/Build/Products/Debug-iphonesimulator/FlightCompensation.app/Frameworks/GoogleAdsOnDeviceConversion.framework -scanforprivacyfile /Users/fabiano/Library/Developer/Xcode/DerivedData/FlightCompensation-gbpozbdluwmykodzccrbccezvtyo/Build/Products/Debug-iphonesimulator/FlightCompensation.app/Frameworks/GoogleAppMeasurement.framework -scanforprivacyfile /Users/fabiano/Library/Developer/Xcode/DerivedData/FlightCompensation-gbpozbdluwmykodzccrbccezvtyo/Build/Products/Debug-iphonesimulator/FlightCompensation.app/Frameworks/GoogleAppMeasurementIdentitySupport.framework -scanforprivacyfile /Users/fabiano/Library/Developer/Xcode/DerivedData/FlightCompensation-gbpozbdluwmykodzccrbccezvtyo/Build/Products/Debug-iphonesimulator/FlightCompensation.app/Frameworks/absl.framework -scanforprivacyfile /Users/fabiano/Library/Developer/Xcode/DerivedData/FlightCompensation-gbpozbdluwmykodzccrbccezvtyo/Build/Products/Debug-iphonesimulator/FlightCompensation.app/Frameworks/grpc.framework -scanforprivacyfile /Users/fabiano/Library/Developer/Xcode/DerivedData/FlightCompensation-gbpozbdluwmykodzccrbccezvtyo/Build/Products/Debug-iphonesimulator/FlightCompensation.app/Frameworks/grpcpp.framework -scanforprivacyfile /Users/fabiano/Library/Developer/Xcode/DerivedData/FlightCompensation-gbpozbdluwmykodzccrbccezvtyo/Build/Products/Debug-iphonesimulator/FlightCompensation.app/Frameworks/openssl_grpc.framework -scanforprivacyfile /Users/fabiano/Library/Developer/Xcode/DerivedData/FlightCompensation-gbpozbdluwmykodzccrbccezvtyo/Build/Products/Debug-iphonesimulator/FlightCompensation.app/GTMAppAuth_GTMAppAuth.bundle -scanforprivacyfile /Users/fabiano/Library/Developer/Xcode/DerivedData/FlightCompensation-gbpozbdluwmykodzccrbccezvtyo/Build/Products/Debug-iphonesimulator/FlightCompensation.app/GTMSessionFetcher_GTMSessionFetcherCore.bundle -scanforprivacyfile /Users/fabiano/Library/Developer/Xcode/DerivedData/FlightCompensation-gbpozbdluwmykodzccrbccezvtyo/Build/Products/Debug-iphonesimulator/FlightCompensation.app/GoogleSignIn_GoogleSignIn.bundle -scanforprivacyfile /Users/fabiano/Library/Developer/Xcode/DerivedData/FlightCompensation-gbpozbdluwmykodzccrbccezvtyo/Build/Products/Debug-iphonesimulator/FlightCompensation.app/GoogleUtilities_GoogleUtilities-AppDelegateSwizzler.bundle -scanforprivacyfile /Users/fabiano/Library/Developer/Xcode/DerivedData/FlightCompensation-gbpozbdluwmykodzccrbccezvtyo/Build/Products/Debug-iphonesimulator/FlightCompensation.app/GoogleUtilities_GoogleUtilities-Environment.bundle -scanforprivacyfile /Users/fabiano/Library/Developer/Xcode/DerivedData/FlightCompensation-gbpozbdluwmykodzccrbccezvtyo/Build/Products/Debug-iphonesimulator/FlightCompensation.app/GoogleUtilities_GoogleUtilities-Logger.bundle -scanforprivacyfile /Users/fabiano/Library/Developer/Xcode/DerivedData/FlightCompensation-gbpozbdluwmykodzccrbccezvtyo/Build/Products/Debug-iphonesimulator/FlightCompensation.app/GoogleUtilities_GoogleUtilities-MethodSwizzler.bundle -scanforprivacyfile /Users/fabiano/Library/Developer/Xcode/DerivedData/FlightCompensation-gbpozbdluwmykodzccrbccezvtyo/Build/Products/Debug-iphonesimulator/FlightCompensation.app/GoogleUtilities_GoogleUtilities-NSData.bundle -scanforprivacyfile /Users/fabiano/Library/Developer/Xcode/DerivedData/FlightCompensation-gbpozbdluwmykodzccrbccezvtyo/Build/Products/Debug-iphonesimulator/FlightCompensation.app/GoogleUtilities_GoogleUtilities-Network.bundle -scanforprivacyfile /Users/fabiano/Library/Developer/Xcode/DerivedData/FlightCompensation-gbpozbdluwmykodzccrbccezvtyo/Build/Products/Debug-iphonesimulator/FlightCompensation.app/GoogleUtilities_GoogleUtilities-Reachability.bundle -scanforprivacyfile /Users/fabiano/Library/Developer/Xcode/DerivedData/FlightCompensation-gbpozbdluwmykodzccrbccezvtyo/Build/Products/Debug-iphonesimulator/FlightCompensation.app/GoogleUtilities_GoogleUtilities-UserDefaults.bundle -scanforprivacyfile /Users/fabiano/Library/Developer/Xcode/DerivedData/FlightCompensation-gbpozbdluwmykodzccrbccezvtyo/Build/Products/Debug-iphonesimulator/FlightCompensation.app/Promises_FBLPromises.bundle -scanforprivacyfile /Users/fabiano/Library/Developer/Xcode/DerivedData/FlightCompensation-gbpozbdluwmykodzccrbccezvtyo/Build/Products/Debug-iphonesimulator/FlightCompensation.app/abseil_abslWrapper.bundle -scanforprivacyfile /Users/fabiano/Library/Developer/Xcode/DerivedData/FlightCompensation-gbpozbdluwmykodzccrbccezvtyo/Build/Products/Debug-iphonesimulator/FlightCompensation.app/gRPC_grpcWrapper.bundle -scanforprivacyfile /Users/fabiano/Library/Developer/Xcode/DerivedData/FlightCompensation-gbpozbdluwmykodzccrbccezvtyo/Build/Products/Debug-iphonesimulator/FlightCompensation.app/gRPC_grpcppWrapper.bundle -scanforprivacyfile /Users/fabiano/Library/Developer/Xcode/DerivedData/FlightCompensation-gbpozbdluwmykodzccrbccezvtyo/Build/Products/Debug-iphonesimulator/FlightCompensation.app/gRPC_opensslWrapper.bundle -scanforprivacyfile /Users/fabiano/Library/Developer/Xcode/DerivedData/FlightCompensation-gbpozbdluwmykodzccrbccezvtyo/Build/Products/Debug-iphonesimulator/FlightCompensation.app/leveldb_leveldb.bundle -scanforprivacyfile /Users/fabiano/Library/Developer/Xcode/DerivedData/FlightCompensation-gbpozbdluwmykodzccrbccezvtyo/Build/Products/Debug-iphonesimulator/FlightCompensation.app/nanopb_nanopb.bundle -o /Users/fabiano/Library/Developer/Xcode/DerivedData/FlightCompensation-gbpozbdluwmykodzccrbccezvtyo/Build/Products/Debug-iphonesimulator/FlightCompensation.app/Info.plist

AppIntentsSSUTraining (in target 'FlightCompensation' from project 'FlightCompensation')
    cd /Users/fabiano/Documents/FLIGHTY\ COMPENSATION
    /Applications/Xcode.app/Contents/Developer/Toolchains/XcodeDefault.xctoolchain/usr/bin/appintentsnltrainingprocessor --infoplist-path /Users/fabiano/Library/Developer/Xcode/DerivedData/FlightCompensation-gbpozbdluwmykodzccrbccezvtyo/Build/Products/Debug-iphonesimulator/FlightCompensation.app/Info.plist --temp-dir-path /Users/fabiano/Library/Developer/Xcode/DerivedData/FlightCompensation-gbpozbdluwmykodzccrbccezvtyo/Build/Intermediates.noindex/FlightCompensation.build/Debug-iphonesimulator/FlightCompensation.build/ssu --bundle-id com.flightcompensation.app --product-path /Users/fabiano/Library/Developer/Xcode/DerivedData/FlightCompensation-gbpozbdluwmykodzccrbccezvtyo/Build/Products/Debug-iphonesimulator/FlightCompensation.app --extracted-metadata-path /Users/fabiano/Library/Developer/Xcode/DerivedData/FlightCompensation-gbpozbdluwmykodzccrbccezvtyo/Build/Products/Debug-iphonesimulator/FlightCompensation.app/Metadata.appintents --metadata-file-list /Users/fabiano/Library/Developer/Xcode/DerivedData/FlightCompensation-gbpozbdluwmykodzccrbccezvtyo/Build/Intermediates.noindex/FlightCompensation.build/Debug-iphonesimulator/FlightCompensation.build/FlightCompensation.DependencyMetadataFileList --archive-ssu-assets
2026-01-22 13:56:58.976 appintentsnltrainingprocessor[95248:1103937] Parsing options for appintentsnltrainingprocessor
2026-01-22 13:56:58.976 appintentsnltrainingprocessor[95248:1103937] No AppShortcuts found - Skipping.

CodeSign /Users/fabiano/Library/Developer/Xcode/DerivedData/FlightCompensation-gbpozbdluwmykodzccrbccezvtyo/Build/Products/Debug-iphonesimulator/FlightCompensation.app/FlightCompensation.debug.dylib (in target 'FlightCompensation' from project 'FlightCompensation')
    cd /Users/fabiano/Documents/FLIGHTY\ COMPENSATION
    
    Signing Identity:     "Sign to Run Locally"
    
    /usr/bin/codesign --force --sign - --timestamp\=none --generate-entitlement-der /Users/fabiano/Library/Developer/Xcode/DerivedData/FlightCompensation-gbpozbdluwmykodzccrbccezvtyo/Build/Products/Debug-iphonesimulator/FlightCompensation.app/FlightCompensation.debug.dylib
/Users/fabiano/Library/Developer/Xcode/DerivedData/FlightCompensation-gbpozbdluwmykodzccrbccezvtyo/Build/Products/Debug-iphonesimulator/FlightCompensation.app/FlightCompensation.debug.dylib: replacing existing signature

CodeSign /Users/fabiano/Library/Developer/Xcode/DerivedData/FlightCompensation-gbpozbdluwmykodzccrbccezvtyo/Build/Products/Debug-iphonesimulator/FlightCompensation.app/__preview.dylib (in target 'FlightCompensation' from project 'FlightCompensation')
    cd /Users/fabiano/Documents/FLIGHTY\ COMPENSATION
    
    Signing Identity:     "Sign to Run Locally"
    
    /usr/bin/codesign --force --sign - --timestamp\=none --generate-entitlement-der /Users/fabiano/Library/Developer/Xcode/DerivedData/FlightCompensation-gbpozbdluwmykodzccrbccezvtyo/Build/Products/Debug-iphonesimulator/FlightCompensation.app/__preview.dylib
/Users/fabiano/Library/Developer/Xcode/DerivedData/FlightCompensation-gbpozbdluwmykodzccrbccezvtyo/Build/Products/Debug-iphonesimulator/FlightCompensation.app/__preview.dylib: replacing existing signature

CodeSign /Users/fabiano/Library/Developer/Xcode/DerivedData/FlightCompensation-gbpozbdluwmykodzccrbccezvtyo/Build/Products/Debug-iphonesimulator/FlightCompensation.app (in target 'FlightCompensation' from project 'FlightCompensation')
    cd /Users/fabiano/Documents/FLIGHTY\ COMPENSATION
    
    Signing Identity:     "Sign to Run Locally"
    
    /usr/bin/codesign --force --sign - --entitlements /Users/fabiano/Library/Developer/Xcode/DerivedData/FlightCompensation-gbpozbdluwmykodzccrbccezvtyo/Build/Intermediates.noindex/FlightCompensation.build/Debug-iphonesimulator/FlightCompensation.build/FlightCompensation.app.xcent --timestamp\=none --generate-entitlement-der /Users/fabiano/Library/Developer/Xcode/DerivedData/FlightCompensation-gbpozbdluwmykodzccrbccezvtyo/Build/Products/Debug-iphonesimulator/FlightCompensation.app
/Users/fabiano/Library/Developer/Xcode/DerivedData/FlightCompensation-gbpozbdluwmykodzccrbccezvtyo/Build/Products/Debug-iphonesimulator/FlightCompensation.app: replacing existing signature

Validate /Users/fabiano/Library/Developer/Xcode/DerivedData/FlightCompensation-gbpozbdluwmykodzccrbccezvtyo/Build/Products/Debug-iphonesimulator/FlightCompensation.app (in target 'FlightCompensation' from project 'FlightCompensation')
    cd /Users/fabiano/Documents/FLIGHTY\ COMPENSATION
    builtin-validationUtility /Users/fabiano/Library/Developer/Xcode/DerivedData/FlightCompensation-gbpozbdluwmykodzccrbccezvtyo/Build/Products/Debug-iphonesimulator/FlightCompensation.app -shallow-bundle -infoplist-subpath Info.plist

** BUILD SUCCEEDED **

